<?xml version="1.0" encoding="UTF-8"?>
<!-- Generated by org.testng.reporters.JUnitReportReporter -->
<testsuite skipped="0" hostname="DESKTOP-M8ARC8E" name="DevOpsProject.DevProClass" tests="1" failures="0" timestamp="2020-02-27T13:09:35 IST" time="12.335" errors="0">
  <testcase name="LaunchBrowser" time="12.335" classname="DevOpsProject.DevProClass"/>
</testsuite> <!-- DevOpsProject.DevProClass -->
